{"level":"info","message":"CSV File Loaded","timestamp":"2016-01-27T03:21:11.645Z"}
{"level":"error","message":"","timestamp":"2016-01-27T03:21:11.647Z"}
{"level":"info","message":"CSV File Loaded","timestamp":"2016-01-27T03:21:47.736Z"}
{"level":"error","message":"No Error","timestamp":"2016-01-27T03:21:47.737Z"}
{"level":"info","message":"csv file loaded","timestamp":"2016-01-27T03:22:47.227Z"}
{"level":"error","message":"none","timestamp":"2016-01-27T03:22:47.229Z"}
{"level":"info","message":"csv file loaded","timestamp":"2016-01-27T07:23:59.897Z"}
{"level":"error","message":"none","timestamp":"2016-01-27T07:23:59.899Z"}
{"level":"info","message":"csv file loaded","timestamp":"2016-01-27T07:24:57.750Z"}
{"level":"error","message":"none","timestamp":"2016-01-27T07:24:57.751Z"}
{"level":"info","message":"csv file loaded","timestamp":"2016-01-27T07:27:00.725Z"}
{"level":"error","message":"none","timestamp":"2016-01-27T07:27:00.727Z"}
{"level":"info","message":"csv file loaded","timestamp":"2016-01-27T07:27:21.200Z"}
{"level":"error","message":"none","timestamp":"2016-01-27T07:27:21.201Z"}
{"level":"info","message":"csv file loaded","timestamp":"2016-01-27T07:28:35.210Z"}
{"level":"error","message":"none","timestamp":"2016-01-27T07:28:35.211Z"}
{"level":"info","message":"csv file loaded","timestamp":"2016-01-27T07:29:55.338Z"}
{"level":"error","message":"none","timestamp":"2016-01-27T07:29:55.339Z"}
{"level":"info","message":"csv file loaded","timestamp":"2016-01-27T07:33:27.970Z"}
{"level":"error","message":"none","timestamp":"2016-01-27T07:33:27.971Z"}
{"level":"info","message":"csv file loaded","timestamp":"2016-01-27T07:33:59.021Z"}
{"level":"error","message":"none","timestamp":"2016-01-27T07:33:59.023Z"}
{"level":"info","message":"csv file loaded","timestamp":"2016-01-27T07:34:44.955Z"}
{"level":"error","message":"none","timestamp":"2016-01-27T07:34:44.957Z"}
{"level":"info","message":"csv file loaded","timestamp":"2016-01-27T07:35:58.664Z"}
{"level":"error","message":"none","timestamp":"2016-01-27T07:35:58.665Z"}
{"level":"info","message":"csv file loaded","timestamp":"2016-01-27T07:39:16.712Z"}
{"level":"error","message":"none","timestamp":"2016-01-27T07:39:16.714Z"}
{"level":"info","message":"csv file loaded","timestamp":"2016-01-27T07:40:15.775Z"}
{"level":"error","message":"none","timestamp":"2016-01-27T07:40:15.776Z"}
{"level":"info","message":"csv file loaded","timestamp":"2016-01-27T07:40:59.153Z"}
{"level":"error","message":"none","timestamp":"2016-01-27T07:40:59.154Z"}
{"level":"info","message":"csv file loaded","timestamp":"2016-01-27T07:44:09.297Z"}
{"level":"error","message":"none","timestamp":"2016-01-27T07:44:09.299Z"}
{"level":"info","message":"csv file loaded","timestamp":"2016-01-27T07:49:39.067Z"}
{"level":"error","message":"none","timestamp":"2016-01-27T07:49:39.068Z"}
{"level":"info","message":"csv file loaded","timestamp":"2016-01-27T07:51:17.139Z"}
{"level":"error","message":"none","timestamp":"2016-01-27T07:51:17.140Z"}
{"level":"info","message":"csv file loaded","timestamp":"2016-01-27T07:54:15.369Z"}
{"level":"error","message":"none","timestamp":"2016-01-27T07:54:15.370Z"}
{"level":"info","message":"csv file loaded","timestamp":"2016-01-27T07:55:53.976Z"}
{"level":"error","message":"none","timestamp":"2016-01-27T07:55:53.977Z"}
{"level":"info","message":"csv file loaded","timestamp":"2016-01-27T07:56:30.987Z"}
{"level":"error","message":"none","timestamp":"2016-01-27T07:56:30.989Z"}
{"level":"info","message":"csv file loaded","timestamp":"2016-01-27T07:58:01.565Z"}
{"level":"error","message":"none","timestamp":"2016-01-27T07:58:01.566Z"}
{"level":"info","message":"csv file loaded","timestamp":"2016-01-27T07:58:33.717Z"}
{"level":"error","message":"none","timestamp":"2016-01-27T07:58:33.718Z"}
{"level":"info","message":"csv file loaded","timestamp":"2016-01-27T17:37:00.549Z"}
{"level":"error","message":"none","timestamp":"2016-01-27T17:37:00.551Z"}
{"level":"info","message":"csv file loaded","timestamp":"2016-01-27T18:21:50.026Z"}
{"level":"error","message":"none","timestamp":"2016-01-27T18:21:50.028Z"}
{"level":"info","message":"csv file loaded","timestamp":"2016-01-27T18:22:42.296Z"}
{"level":"error","message":"none","timestamp":"2016-01-27T18:22:42.298Z"}
{"level":"info","message":"csv file loaded","timestamp":"2016-01-27T18:23:36.050Z"}
{"level":"error","message":"none","timestamp":"2016-01-27T18:23:36.051Z"}
{"level":"info","message":"csv file loaded","timestamp":"2016-01-27T18:24:15.368Z"}
{"level":"error","message":"none","timestamp":"2016-01-27T18:24:15.369Z"}
{"level":"info","message":"csv file loaded","timestamp":"2016-01-27T18:25:50.969Z"}
{"level":"error","message":"none","timestamp":"2016-01-27T18:25:50.971Z"}
{"level":"info","message":"csv file loaded","timestamp":"2016-01-27T18:34:44.532Z"}
{"level":"error","message":"none","timestamp":"2016-01-27T18:34:44.533Z"}
{"level":"info","message":"csv file loaded","timestamp":"2016-01-27T18:35:16.233Z"}
{"level":"error","message":"none","timestamp":"2016-01-27T18:35:16.234Z"}
{"level":"info","message":"csv file loaded","timestamp":"2016-01-27T18:36:05.013Z"}
{"level":"error","message":"none","timestamp":"2016-01-27T18:36:05.014Z"}
{"level":"info","message":"csv file loaded","timestamp":"2016-01-27T18:39:16.335Z"}
{"level":"error","message":"none","timestamp":"2016-01-27T18:39:16.336Z"}
{"level":"info","message":"csv file loaded","timestamp":"2016-01-27T19:43:01.175Z"}
{"level":"error","message":"none","timestamp":"2016-01-27T19:43:01.177Z"}
{"level":"info","message":"csv file loaded","timestamp":"2016-01-27T20:41:34.415Z"}
{"level":"error","message":"none","timestamp":"2016-01-27T20:41:34.416Z"}
{"level":"info","message":"csv file loaded","timestamp":"2016-01-27T20:42:19.919Z"}
{"level":"error","message":"none","timestamp":"2016-01-27T20:42:19.920Z"}
{"level":"info","message":"csv file loaded","timestamp":"2016-01-27T20:43:03.658Z"}
{"level":"error","message":"none","timestamp":"2016-01-27T20:43:03.659Z"}
{"level":"info","message":"csv file loaded","timestamp":"2016-01-27T20:44:01.868Z"}
{"level":"error","message":"none","timestamp":"2016-01-27T20:44:01.869Z"}
{"level":"info","message":"csv file loaded","timestamp":"2016-01-27T21:32:12.582Z"}
{"level":"error","message":"none","timestamp":"2016-01-27T21:32:12.583Z"}
{"level":"info","message":"csv file loaded","timestamp":"2016-01-28T04:08:03.330Z"}
{"level":"error","message":"none","timestamp":"2016-01-28T04:08:03.332Z"}
{"level":"info","message":"csv file loaded","timestamp":"2016-01-28T04:09:07.887Z"}
{"level":"error","message":"none","timestamp":"2016-01-28T04:09:07.888Z"}
{"level":"info","message":"csv file loaded","timestamp":"2016-01-28T04:10:11.245Z"}
{"level":"error","message":"none","timestamp":"2016-01-28T04:10:11.246Z"}
{"level":"info","message":"csv file loaded","timestamp":"2016-01-28T04:13:44.705Z"}
{"level":"error","message":"none","timestamp":"2016-01-28T04:13:44.706Z"}
{"level":"info","message":"csv file loaded","timestamp":"2016-01-28T04:15:06.317Z"}
{"level":"error","message":"none","timestamp":"2016-01-28T04:15:06.318Z"}
{"level":"info","message":"csv file loaded","timestamp":"2016-01-28T04:23:28.084Z"}
{"level":"error","message":"none","timestamp":"2016-01-28T04:23:28.085Z"}
{"level":"info","message":"csv file loaded","timestamp":"2016-01-28T04:23:50.378Z"}
{"level":"error","message":"none","timestamp":"2016-01-28T04:23:50.379Z"}
{"level":"info","message":"csv file loaded","timestamp":"2016-01-28T04:24:06.321Z"}
{"level":"error","message":"none","timestamp":"2016-01-28T04:24:06.322Z"}
{"level":"info","message":"csv file loaded","timestamp":"2016-01-28T04:25:47.961Z"}
{"level":"error","message":"none","timestamp":"2016-01-28T04:25:47.963Z"}
{"level":"info","message":"csv file loaded","timestamp":"2016-01-28T04:29:59.758Z"}
{"level":"error","message":"none","timestamp":"2016-01-28T04:29:59.760Z"}
{"level":"info","message":"csv file loaded","timestamp":"2016-01-28T04:30:42.037Z"}
{"level":"error","message":"none","timestamp":"2016-01-28T04:30:42.038Z"}
{"level":"info","message":"csv file loaded","timestamp":"2016-01-28T04:34:13.855Z"}
{"level":"error","message":"none","timestamp":"2016-01-28T04:34:13.856Z"}
{"level":"info","message":"csv file loaded","timestamp":"2016-01-28T04:35:43.330Z"}
{"level":"error","message":"none","timestamp":"2016-01-28T04:35:43.332Z"}
{"level":"info","message":"csv file loaded","timestamp":"2016-01-28T04:36:31.795Z"}
{"level":"error","message":"none","timestamp":"2016-01-28T04:36:31.796Z"}
{"level":"info","message":"csv file loaded","timestamp":"2016-01-28T04:37:18.708Z"}
{"level":"error","message":"none","timestamp":"2016-01-28T04:37:18.710Z"}
{"level":"info","message":"csv file loaded","timestamp":"2016-01-28T04:37:50.969Z"}
{"level":"error","message":"none","timestamp":"2016-01-28T04:37:50.971Z"}
{"level":"info","message":"csv file loaded","timestamp":"2016-01-28T04:39:14.726Z"}
{"level":"error","message":"none","timestamp":"2016-01-28T04:39:14.727Z"}
{"level":"info","message":"csv file loaded","timestamp":"2016-01-28T04:39:39.569Z"}
{"level":"error","message":"none","timestamp":"2016-01-28T04:39:39.570Z"}
{"level":"info","message":"csv file loaded","timestamp":"2016-01-28T04:40:01.130Z"}
{"level":"error","message":"none","timestamp":"2016-01-28T04:40:01.131Z"}
{"level":"info","message":"csv file loaded","timestamp":"2016-01-28T04:40:36.773Z"}
{"level":"error","message":"none","timestamp":"2016-01-28T04:40:36.774Z"}
{"level":"info","message":"csv file loaded","timestamp":"2016-01-28T04:42:53.880Z"}
{"level":"error","message":"none","timestamp":"2016-01-28T04:42:53.881Z"}
{"level":"info","message":"csv file loaded","timestamp":"2016-01-28T04:43:58.734Z"}
{"level":"error","message":"none","timestamp":"2016-01-28T04:43:58.735Z"}
{"level":"info","message":"csv file loaded","timestamp":"2016-01-28T04:50:00.839Z"}
{"level":"error","message":"none","timestamp":"2016-01-28T04:50:00.840Z"}
{"level":"info","message":"csv file loaded","timestamp":"2016-01-28T04:50:39.770Z"}
{"level":"error","message":"none","timestamp":"2016-01-28T04:50:39.771Z"}
{"level":"info","message":"csv file loaded","timestamp":"2016-01-28T04:54:39.843Z"}
{"level":"error","message":"none","timestamp":"2016-01-28T04:54:39.844Z"}
{"level":"info","message":"csv file loaded","timestamp":"2016-01-28T04:56:17.549Z"}
{"level":"error","message":"none","timestamp":"2016-01-28T04:56:17.550Z"}
{"level":"info","message":"csv file loaded","timestamp":"2016-01-28T05:06:18.330Z"}
{"level":"error","message":"none","timestamp":"2016-01-28T05:06:18.331Z"}
{"level":"info","message":"csv file loaded","timestamp":"2016-01-28T05:07:17.445Z"}
{"level":"error","message":"none","timestamp":"2016-01-28T05:07:17.446Z"}
{"level":"info","message":"csv file loaded","timestamp":"2016-01-28T05:08:09.234Z"}
{"level":"error","message":"none","timestamp":"2016-01-28T05:08:09.235Z"}
{"level":"info","message":"csv file loaded","timestamp":"2016-01-28T05:09:53.221Z"}
{"level":"error","message":"none","timestamp":"2016-01-28T05:09:53.223Z"}
{"level":"info","message":"csv file loaded","timestamp":"2016-01-28T05:17:05.282Z"}
{"level":"error","message":"none","timestamp":"2016-01-28T05:17:05.284Z"}
{"level":"info","message":"csv file loaded","timestamp":"2016-01-28T05:18:37.672Z"}
{"level":"error","message":"none","timestamp":"2016-01-28T05:18:37.673Z"}
{"level":"info","message":"csv file loaded","timestamp":"2016-01-28T05:21:17.961Z"}
{"level":"error","message":"none","timestamp":"2016-01-28T05:21:17.962Z"}
{"level":"info","message":"csv file loaded","timestamp":"2016-01-28T05:25:04.682Z"}
{"level":"error","message":"none","timestamp":"2016-01-28T05:25:04.683Z"}
{"level":"info","message":"csv file loaded","timestamp":"2016-01-28T05:26:43.693Z"}
{"level":"error","message":"none","timestamp":"2016-01-28T05:26:43.694Z"}
{"level":"info","message":"csv file loaded","timestamp":"2016-01-28T05:40:12.058Z"}
{"level":"error","message":"none","timestamp":"2016-01-28T05:40:12.059Z"}
{"level":"info","message":"csv file loaded","timestamp":"2016-01-28T05:44:28.216Z"}
{"level":"error","message":"none","timestamp":"2016-01-28T05:44:28.217Z"}
{"level":"info","message":"csv file loaded","timestamp":"2016-01-28T05:45:08.601Z"}
{"level":"error","message":"none","timestamp":"2016-01-28T05:45:08.603Z"}
{"level":"info","message":"csv file loaded","timestamp":"2016-01-28T05:51:08.568Z"}
{"level":"error","message":"none","timestamp":"2016-01-28T05:51:08.569Z"}
{"level":"info","message":"csv file loaded","timestamp":"2016-01-28T05:52:23.537Z"}
{"level":"error","message":"none","timestamp":"2016-01-28T05:52:23.538Z"}
{"level":"info","message":"csv file loaded","timestamp":"2016-01-28T05:55:16.530Z"}
{"level":"error","message":"none","timestamp":"2016-01-28T05:55:16.532Z"}
{"level":"info","message":"csv file loaded","timestamp":"2016-01-28T05:59:19.195Z"}
{"level":"error","message":"none","timestamp":"2016-01-28T05:59:19.196Z"}
{"level":"info","message":"csv file loaded","timestamp":"2016-01-28T06:00:55.386Z"}
{"level":"error","message":"none","timestamp":"2016-01-28T06:00:55.387Z"}
{"level":"info","message":"csv file loaded","timestamp":"2016-01-28T06:01:48.025Z"}
{"level":"error","message":"none","timestamp":"2016-01-28T06:01:48.026Z"}
{"level":"info","message":"csv file loaded","timestamp":"2016-01-28T06:03:11.651Z"}
{"level":"error","message":"none","timestamp":"2016-01-28T06:03:11.652Z"}
{"level":"info","message":"csv file loaded","timestamp":"2016-01-28T06:04:57.137Z"}
{"level":"error","message":"none","timestamp":"2016-01-28T06:04:57.138Z"}
{"level":"info","message":"csv file loaded","timestamp":"2016-01-28T06:12:32.217Z"}
{"level":"error","message":"none","timestamp":"2016-01-28T06:12:32.219Z"}
{"level":"info","message":"csv file loaded","timestamp":"2016-01-28T06:15:00.129Z"}
{"level":"error","message":"none","timestamp":"2016-01-28T06:15:00.131Z"}
{"level":"info","message":"csv file loaded","timestamp":"2016-01-28T06:17:17.085Z"}
{"level":"error","message":"none","timestamp":"2016-01-28T06:17:17.086Z"}
{"level":"info","message":"csv file loaded","timestamp":"2016-01-28T06:18:44.329Z"}
{"level":"error","message":"none","timestamp":"2016-01-28T06:18:44.330Z"}
{"level":"info","message":"csv file loaded","timestamp":"2016-01-28T06:19:36.681Z"}
{"level":"error","message":"none","timestamp":"2016-01-28T06:19:36.682Z"}
{"level":"info","message":"csv file loaded","timestamp":"2016-01-28T06:21:24.293Z"}
{"level":"error","message":"none","timestamp":"2016-01-28T06:21:24.294Z"}
{"level":"info","message":"csv file loaded","timestamp":"2016-01-28T06:25:15.339Z"}
{"level":"error","message":"none","timestamp":"2016-01-28T06:25:15.340Z"}
{"level":"info","message":"csv file loaded","timestamp":"2016-01-28T06:26:00.353Z"}
{"level":"error","message":"none","timestamp":"2016-01-28T06:26:00.354Z"}
{"level":"info","message":"csv file loaded","timestamp":"2016-01-28T06:26:48.215Z"}
{"level":"error","message":"none","timestamp":"2016-01-28T06:26:48.217Z"}
